<?xml version="1.0" encoding="utf-8"?>
<TestRun id="b605f068-56ce-4428-bdb5-363de648bfcb" name="@Juis-Mac-mini 2026-06-19 14:26:32" xmlns="http://microsoft.com/schemas/VisualStudio/TeamTest/2010">
  <Times creation="2026-06-19T14:26:32.8507950+08:00" queuing="2026-06-19T14:26:32.8507950+08:00" start="2026-06-19T14:26:32.4371400+08:00" finish="2026-06-19T14:26:33.8838640+08:00" />
  <TestSettings name="default" id="80c6864d-aa4a-49b9-b617-a68db4209fbe">
    <Deployment runDeploymentRoot="_Juis-Mac-mini_2026-06-19_14_26_32" />
  </TestSettings>
  <Results>
    <UnitTestResult executionId="38649595-9f1e-4bcb-b475-b7889fa46439" testId="87c9675e-67bc-038b-ed27-6bb427b31b78" testName="FantaSim.App.Ecs.Tests.EcsWorldActorTests.RegisterSystem_after_initialize_is_rejected_and_never_ticks" computerName="Juis-Mac-mini" duration="00:00:00.0912362" startTime="2026-06-19T14:26:32.8206690+08:00" endTime="2026-06-19T14:26:32.8206690+08:00" testType="13cdc9d9-ddb5-4fa4-a97d-d965ccfc6d4b" outcome="Passed" testListId="8c84fa94-04c1-424b-9868-57a2d4851a1d" relativeResultsDirectory="38649595-9f1e-4bcb-b475-b7889fa46439" />
    <UnitTestResult executionId="eb83faaa-d50d-468b-b028-d2538323ab1d" testId="d1d764b0-c4f7-005d-90e5-6aa3ae95b17e" testName="FantaSim.App.Ecs.Tests.EcsWorldActorTests.UpdateWorld_ticks_registered_system_and_grows_entity_count" computerName="Juis-Mac-mini" duration="00:00:00.0054412" startTime="2026-06-19T14:26:32.8411960+08:00" endTime="2026-06-19T14:26:32.8411960+08:00" testType="13cdc9d9-ddb5-4fa4-a97d-d965ccfc6d4b" outcome="Passed" testListId="8c84fa94-04c1-424b-9868-57a2d4851a1d" relativeResultsDirectory="eb83faaa-d50d-468b-b028-d2538323ab1d" />
    <UnitTestResult executionId="d26156b0-1679-460d-b4a7-926afe0b3055" testId="5351dd2c-c93e-bbed-24ca-6baa74927382" testName="FantaSim.App.Ecs.Tests.EcsServiceTests.CreateWorld_is_idempotent_for_existing_id" computerName="Juis-Mac-mini" duration="00:00:00.0020106" startTime="2026-06-19T14:26:32.8389930+08:00" endTime="2026-06-19T14:26:32.8389930+08:00" testType="13cdc9d9-ddb5-4fa4-a97d-d965ccfc6d4b" outcome="Passed" testListId="8c84fa94-04c1-424b-9868-57a2d4851a1d" relativeResultsDirectory="d26156b0-1679-460d-b4a7-926afe0b3055" />
    <UnitTestResult executionId="147e2101-bf4b-4af9-b39c-812fe18b599a" testId="29d59af7-acb9-08bf-ac74-74b258fd4c69" testName="FantaSim.App.Ecs.Tests.EcsWorldActorTests.DestroyWorld_replies_true_and_stops_actor" computerName="Juis-Mac-mini" duration="00:00:00.0090351" startTime="2026-06-19T14:26:32.8264290+08:00" endTime="2026-06-19T14:26:32.8264290+08:00" testType="13cdc9d9-ddb5-4fa4-a97d-d965ccfc6d4b" outcome="Passed" testListId="8c84fa94-04c1-424b-9868-57a2d4851a1d" relativeResultsDirectory="147e2101-bf4b-4af9-b39c-812fe18b599a" />
    <UnitTestResult executionId="c7e3fd9e-8e46-4afe-82d1-3c7c8b6de4c6" testId="bcee7992-2d1e-5969-9c7b-bea7b6368c13" testName="FantaSim.App.Ecs.Tests.EcsSupervisorActorTests.DestroyWorld_stops_child_and_removes_it_from_supervisor_map" computerName="Juis-Mac-mini" duration="00:00:01.0095260" startTime="2026-06-19T14:26:33.8323520+08:00" endTime="2026-06-19T14:26:33.8323520+08:00" testType="13cdc9d9-ddb5-4fa4-a97d-d965ccfc6d4b" outcome="Passed" testListId="8c84fa94-04c1-424b-9868-57a2d4851a1d" relativeResultsDirectory="c7e3fd9e-8e46-4afe-82d1-3c7c8b6de4c6" />
    <UnitTestResult executionId="4123cddf-3eb6-486c-ba76-ef712b671856" testId="b6a52668-d919-ec81-d4a5-c648b244f0ab" testName="FantaSim.App.Ecs.Tests.EcsServiceTests.DestroyWorld_returns_false_for_unknown_id" computerName="Juis-Mac-mini" duration="00:00:00.0041690" startTime="2026-06-19T14:26:32.8389560+08:00" endTime="2026-06-19T14:26:32.8389560+08:00" testType="13cdc9d9-ddb5-4fa4-a97d-d965ccfc6d4b" outcome="Passed" testListId="8c84fa94-04c1-424b-9868-57a2d4851a1d" relativeResultsDirectory="4123cddf-3eb6-486c-ba76-ef712b671856" />
    <UnitTestResult executionId="6b4a59cb-ba1d-49da-9e04-0df1f0531d72" testId="eb5e8f20-0002-c645-4bf6-9d0059152464" testName="FantaSim.App.Ecs.Tests.EcsServiceTests.ListWorlds_returns_all_created_worlds" computerName="Juis-Mac-mini" duration="00:00:00.0908910" startTime="2026-06-19T14:26:32.8179820+08:00" endTime="2026-06-19T14:26:32.8179820+08:00" testType="13cdc9d9-ddb5-4fa4-a97d-d965ccfc6d4b" outcome="Passed" testListId="8c84fa94-04c1-424b-9868-57a2d4851a1d" relativeResultsDirectory="6b4a59cb-ba1d-49da-9e04-0df1f0531d72" />
    <UnitTestResult executionId="b8087d04-c712-42eb-b0d8-f1179e29e314" testId="f37f0918-3193-30e6-bcac-1d7c4e015240" testName="FantaSim.App.Ecs.Tests.EcsServiceTests.DestroyWorld_removes_world_from_list" computerName="Juis-Mac-mini" duration="00:00:00.0062662" startTime="2026-06-19T14:26:32.8231810+08:00" endTime="2026-06-19T14:26:32.8231810+08:00" testType="13cdc9d9-ddb5-4fa4-a97d-d965ccfc6d4b" outcome="Passed" testListId="8c84fa94-04c1-424b-9868-57a2d4851a1d" relativeResultsDirectory="b8087d04-c712-42eb-b0d8-f1179e29e314" />
    <UnitTestResult executionId="84b631de-321c-417d-ae6b-2c98c32aac57" testId="3e948fee-642d-9406-61c9-23209049db5f" testName="FantaSim.App.Ecs.Tests.EcsSupervisorActorTests.DestroyWorld_returns_false_when_world_id_is_unknown" computerName="Juis-Mac-mini" duration="00:00:00.0057444" startTime="2026-06-19T14:26:32.8226780+08:00" endTime="2026-06-19T14:26:32.8226780+08:00" testType="13cdc9d9-ddb5-4fa4-a97d-d965ccfc6d4b" outcome="Passed" testListId="8c84fa94-04c1-424b-9868-57a2d4851a1d" relativeResultsDirectory="84b631de-321c-417d-ae6b-2c98c32aac57" />
    <UnitTestResult executionId="342b936b-9c89-4f2b-8196-ae686edd517d" testId="a6faefa3-5ca3-30ac-086b-049b7fc3c35a" testName="FantaSim.App.Ecs.Tests.EcsSupervisorActorTests.CreateWorld_replies_with_snapshot_when_world_is_fresh" computerName="Juis-Mac-mini" duration="00:00:00.0141538" startTime="2026-06-19T14:26:33.8467360+08:00" endTime="2026-06-19T14:26:33.8467360+08:00" testType="13cdc9d9-ddb5-4fa4-a97d-d965ccfc6d4b" outcome="Passed" testListId="8c84fa94-04c1-424b-9868-57a2d4851a1d" relativeResultsDirectory="342b936b-9c89-4f2b-8196-ae686edd517d" />
    <UnitTestResult executionId="131cea96-1f23-4e3b-819c-18247c25872f" testId="22864dae-c804-2e9f-6376-8f3f68b49eba" testName="FantaSim.App.Ecs.Tests.EcsSupervisorActorTests.CreateWorld_is_idempotent_when_world_id_already_exists" computerName="Juis-Mac-mini" duration="00:00:00.0914238" startTime="2026-06-19T14:26:32.8170930+08:00" endTime="2026-06-19T14:26:32.8170990+08:00" testType="13cdc9d9-ddb5-4fa4-a97d-d965ccfc6d4b" outcome="Passed" testListId="8c84fa94-04c1-424b-9868-57a2d4851a1d" relativeResultsDirectory="131cea96-1f23-4e3b-819c-18247c25872f" />
    <UnitTestResult executionId="61465308-b022-481b-b090-96c35b2afdbc" testId="45843447-4dae-d04f-d949-7d88729bdac3" testName="FantaSim.App.Ecs.Tests.EcsServiceTests.GetWorld_returns_snapshot_for_existing_world" computerName="Juis-Mac-mini" duration="00:00:00.0048415" startTime="2026-06-19T14:26:32.8389300+08:00" endTime="2026-06-19T14:26:32.8389300+08:00" testType="13cdc9d9-ddb5-4fa4-a97d-d965ccfc6d4b" outcome="Passed" testListId="8c84fa94-04c1-424b-9868-57a2d4851a1d" relativeResultsDirectory="61465308-b022-481b-b090-96c35b2afdbc" />
    <UnitTestResult executionId="b100157e-1fbc-4ebf-b907-361d89299096" testId="a00f5bde-8c84-927e-b095-91137109ee3b" testName="FantaSim.App.Ecs.Tests.EcsWorldActorTests.InitializeWorld_flips_initialized_flag_and_second_call_is_noop" computerName="Juis-Mac-mini" duration="00:00:00.0049080" startTime="2026-06-19T14:26:32.8388580+08:00" endTime="2026-06-19T14:26:32.8388580+08:00" testType="13cdc9d9-ddb5-4fa4-a97d-d965ccfc6d4b" outcome="Passed" testListId="8c84fa94-04c1-424b-9868-57a2d4851a1d" relativeResultsDirectory="b100157e-1fbc-4ebf-b907-361d89299096" />
    <UnitTestResult executionId="eb1e6946-4582-4823-8cdc-c6b0db5e4d3e" testId="1e7e9a81-de08-fef7-5238-4443af0ca676" testName="FantaSim.App.Ecs.Tests.EcsServiceTests.CreateWorld_returns_snapshot_and_world_appears_in_list" computerName="Juis-Mac-mini" duration="00:00:00.0033692" startTime="2026-06-19T14:26:32.8265840+08:00" endTime="2026-06-19T14:26:32.8265840+08:00" testType="13cdc9d9-ddb5-4fa4-a97d-d965ccfc6d4b" outcome="Passed" testListId="8c84fa94-04c1-424b-9868-57a2d4851a1d" relativeResultsDirectory="eb1e6946-4582-4823-8cdc-c6b0db5e4d3e" />
    <UnitTestResult executionId="3010988b-e75b-48c4-98db-c64d11a5df82" testId="f98a0afe-f3bc-5e6e-d438-5d54ae1a921b" testName="FantaSim.App.Ecs.Tests.EcsWorldActorTests.Snapshot_before_initialize_reports_identity_and_uninitialized_state" computerName="Juis-Mac-mini" duration="00:00:00.0042052" startTime="2026-06-19T14:26:32.8389740+08:00" endTime="2026-06-19T14:26:32.8389740+08:00" testType="13cdc9d9-ddb5-4fa4-a97d-d965ccfc6d4b" outcome="Passed" testListId="8c84fa94-04c1-424b-9868-57a2d4851a1d" relativeResultsDirectory="3010988b-e75b-48c4-98db-c64d11a5df82" />
    <UnitTestResult executionId="3ac1f0bd-1810-4f77-9c31-dae516a75251" testId="8be46771-1928-df88-9ddc-abab5e1edc27" testName="FantaSim.App.Ecs.Tests.EcsSupervisorActorTests.UpdateAll_fans_out_update_to_all_worlds" computerName="Juis-Mac-mini" duration="00:00:00.0071111" startTime="2026-06-19T14:26:33.8540040+08:00" endTime="2026-06-19T14:26:33.8540040+08:00" testType="13cdc9d9-ddb5-4fa4-a97d-d965ccfc6d4b" outcome="Passed" testListId="8c84fa94-04c1-424b-9868-57a2d4851a1d" relativeResultsDirectory="3ac1f0bd-1810-4f77-9c31-dae516a75251" />
  </Results>
  <TestDefinitions>
    <UnitTest name="FantaSim.App.Ecs.Tests.EcsSupervisorActorTests.DestroyWorld_returns_false_when_world_id_is_unknown" storage="/users/apprenticegc/work/lunar-horse/yokan-projects/fantasim-app-godot/project/tests/app.ecs.tests/bin/debug/net8.0/app.ecs.tests.dll" id="3e948fee-642d-9406-61c9-23209049db5f">
      <Execution id="84b631de-321c-417d-ae6b-2c98c32aac57" />
      <TestMethod codeBase="/Users/apprenticegc/Work/lunar-horse/yokan-projects/fantasim-app-godot/project/tests/App.Ecs.Tests/bin/Debug/net8.0/App.Ecs.Tests.dll" adapterTypeName="executor://xunit/VsTestRunner2/netcoreapp" className="FantaSim.App.Ecs.Tests.EcsSupervisorActorTests" name="DestroyWorld_returns_false_when_world_id_is_unknown" />
    </UnitTest>
    <UnitTest name="FantaSim.App.Ecs.Tests.EcsWorldActorTests.DestroyWorld_replies_true_and_stops_actor" storage="/users/apprenticegc/work/lunar-horse/yokan-projects/fantasim-app-godot/project/tests/app.ecs.tests/bin/debug/net8.0/app.ecs.tests.dll" id="29d59af7-acb9-08bf-ac74-74b258fd4c69">
      <Execution id="147e2101-bf4b-4af9-b39c-812fe18b599a" />
      <TestMethod codeBase="/Users/apprenticegc/Work/lunar-horse/yokan-projects/fantasim-app-godot/project/tests/App.Ecs.Tests/bin/Debug/net8.0/App.Ecs.Tests.dll" adapterTypeName="executor://xunit/VsTestRunner2/netcoreapp" className="FantaSim.App.Ecs.Tests.EcsWorldActorTests" name="DestroyWorld_replies_true_and_stops_actor" />
    </UnitTest>
    <UnitTest name="FantaSim.App.Ecs.Tests.EcsServiceTests.DestroyWorld_removes_world_from_list" storage="/users/apprenticegc/work/lunar-horse/yokan-projects/fantasim-app-godot/project/tests/app.ecs.tests/bin/debug/net8.0/app.ecs.tests.dll" id="f37f0918-3193-30e6-bcac-1d7c4e015240">
      <Execution id="b8087d04-c712-42eb-b0d8-f1179e29e314" />
      <TestMethod codeBase="/Users/apprenticegc/Work/lunar-horse/yokan-projects/fantasim-app-godot/project/tests/App.Ecs.Tests/bin/Debug/net8.0/App.Ecs.Tests.dll" adapterTypeName="executor://xunit/VsTestRunner2/netcoreapp" className="FantaSim.App.Ecs.Tests.EcsServiceTests" name="DestroyWorld_removes_world_from_list" />
    </UnitTest>
    <UnitTest name="FantaSim.App.Ecs.Tests.EcsServiceTests.GetWorld_returns_snapshot_for_existing_world" storage="/users/apprenticegc/work/lunar-horse/yokan-projects/fantasim-app-godot/project/tests/app.ecs.tests/bin/debug/net8.0/app.ecs.tests.dll" id="45843447-4dae-d04f-d949-7d88729bdac3">
      <Execution id="61465308-b022-481b-b090-96c35b2afdbc" />
      <TestMethod codeBase="/Users/apprenticegc/Work/lunar-horse/yokan-projects/fantasim-app-godot/project/tests/App.Ecs.Tests/bin/Debug/net8.0/App.Ecs.Tests.dll" adapterTypeName="executor://xunit/VsTestRunner2/netcoreapp" className="FantaSim.App.Ecs.Tests.EcsServiceTests" name="GetWorld_returns_snapshot_for_existing_world" />
    </UnitTest>
    <UnitTest name="FantaSim.App.Ecs.Tests.EcsWorldActorTests.UpdateWorld_ticks_registered_system_and_grows_entity_count" storage="/users/apprenticegc/work/lunar-horse/yokan-projects/fantasim-app-godot/project/tests/app.ecs.tests/bin/debug/net8.0/app.ecs.tests.dll" id="d1d764b0-c4f7-005d-90e5-6aa3ae95b17e">
      <Execution id="eb83faaa-d50d-468b-b028-d2538323ab1d" />
      <TestMethod codeBase="/Users/apprenticegc/Work/lunar-horse/yokan-projects/fantasim-app-godot/project/tests/App.Ecs.Tests/bin/Debug/net8.0/App.Ecs.Tests.dll" adapterTypeName="executor://xunit/VsTestRunner2/netcoreapp" className="FantaSim.App.Ecs.Tests.EcsWorldActorTests" name="UpdateWorld_ticks_registered_system_and_grows_entity_count" />
    </UnitTest>
    <UnitTest name="FantaSim.App.Ecs.Tests.EcsSupervisorActorTests.DestroyWorld_stops_child_and_removes_it_from_supervisor_map" storage="/users/apprenticegc/work/lunar-horse/yokan-projects/fantasim-app-godot/project/tests/app.ecs.tests/bin/debug/net8.0/app.ecs.tests.dll" id="bcee7992-2d1e-5969-9c7b-bea7b6368c13">
      <Execution id="c7e3fd9e-8e46-4afe-82d1-3c7c8b6de4c6" />
      <TestMethod codeBase="/Users/apprenticegc/Work/lunar-horse/yokan-projects/fantasim-app-godot/project/tests/App.Ecs.Tests/bin/Debug/net8.0/App.Ecs.Tests.dll" adapterTypeName="executor://xunit/VsTestRunner2/netcoreapp" className="FantaSim.App.Ecs.Tests.EcsSupervisorActorTests" name="DestroyWorld_stops_child_and_removes_it_from_supervisor_map" />
    </UnitTest>
    <UnitTest name="FantaSim.App.Ecs.Tests.EcsServiceTests.CreateWorld_is_idempotent_for_existing_id" storage="/users/apprenticegc/work/lunar-horse/yokan-projects/fantasim-app-godot/project/tests/app.ecs.tests/bin/debug/net8.0/app.ecs.tests.dll" id="5351dd2c-c93e-bbed-24ca-6baa74927382">
      <Execution id="d26156b0-1679-460d-b4a7-926afe0b3055" />
      <TestMethod codeBase="/Users/apprenticegc/Work/lunar-horse/yokan-projects/fantasim-app-godot/project/tests/App.Ecs.Tests/bin/Debug/net8.0/App.Ecs.Tests.dll" adapterTypeName="executor://xunit/VsTestRunner2/netcoreapp" className="FantaSim.App.Ecs.Tests.EcsServiceTests" name="CreateWorld_is_idempotent_for_existing_id" />
    </UnitTest>
    <UnitTest name="FantaSim.App.Ecs.Tests.EcsWorldActorTests.InitializeWorld_flips_initialized_flag_and_second_call_is_noop" storage="/users/apprenticegc/work/lunar-horse/yokan-projects/fantasim-app-godot/project/tests/app.ecs.tests/bin/debug/net8.0/app.ecs.tests.dll" id="a00f5bde-8c84-927e-b095-91137109ee3b">
      <Execution id="b100157e-1fbc-4ebf-b907-361d89299096" />
      <TestMethod codeBase="/Users/apprenticegc/Work/lunar-horse/yokan-projects/fantasim-app-godot/project/tests/App.Ecs.Tests/bin/Debug/net8.0/App.Ecs.Tests.dll" adapterTypeName="executor://xunit/VsTestRunner2/netcoreapp" className="FantaSim.App.Ecs.Tests.EcsWorldActorTests" name="InitializeWorld_flips_initialized_flag_and_second_call_is_noop" />
    </UnitTest>
    <UnitTest name="FantaSim.App.Ecs.Tests.EcsServiceTests.DestroyWorld_returns_false_for_unknown_id" storage="/users/apprenticegc/work/lunar-horse/yokan-projects/fantasim-app-godot/project/tests/app.ecs.tests/bin/debug/net8.0/app.ecs.tests.dll" id="b6a52668-d919-ec81-d4a5-c648b244f0ab">
      <Execution id="4123cddf-3eb6-486c-ba76-ef712b671856" />
      <TestMethod codeBase="/Users/apprenticegc/Work/lunar-horse/yokan-projects/fantasim-app-godot/project/tests/App.Ecs.Tests/bin/Debug/net8.0/App.Ecs.Tests.dll" adapterTypeName="executor://xunit/VsTestRunner2/netcoreapp" className="FantaSim.App.Ecs.Tests.EcsServiceTests" name="DestroyWorld_returns_false_for_unknown_id" />
    </UnitTest>
    <UnitTest name="FantaSim.App.Ecs.Tests.EcsSupervisorActorTests.CreateWorld_is_idempotent_when_world_id_already_exists" storage="/users/apprenticegc/work/lunar-horse/yokan-projects/fantasim-app-godot/project/tests/app.ecs.tests/bin/debug/net8.0/app.ecs.tests.dll" id="22864dae-c804-2e9f-6376-8f3f68b49eba">
      <Execution id="131cea96-1f23-4e3b-819c-18247c25872f" />
      <TestMethod codeBase="/Users/apprenticegc/Work/lunar-horse/yokan-projects/fantasim-app-godot/project/tests/App.Ecs.Tests/bin/Debug/net8.0/App.Ecs.Tests.dll" adapterTypeName="executor://xunit/VsTestRunner2/netcoreapp" className="FantaSim.App.Ecs.Tests.EcsSupervisorActorTests" name="CreateWorld_is_idempotent_when_world_id_already_exists" />
    </UnitTest>
    <UnitTest name="FantaSim.App.Ecs.Tests.EcsServiceTests.CreateWorld_returns_snapshot_and_world_appears_in_list" storage="/users/apprenticegc/work/lunar-horse/yokan-projects/fantasim-app-godot/project/tests/app.ecs.tests/bin/debug/net8.0/app.ecs.tests.dll" id="1e7e9a81-de08-fef7-5238-4443af0ca676">
      <Execution id="eb1e6946-4582-4823-8cdc-c6b0db5e4d3e" />
      <TestMethod codeBase="/Users/apprenticegc/Work/lunar-horse/yokan-projects/fantasim-app-godot/project/tests/App.Ecs.Tests/bin/Debug/net8.0/App.Ecs.Tests.dll" adapterTypeName="executor://xunit/VsTestRunner2/netcoreapp" className="FantaSim.App.Ecs.Tests.EcsServiceTests" name="CreateWorld_returns_snapshot_and_world_appears_in_list" />
    </UnitTest>
    <UnitTest name="FantaSim.App.Ecs.Tests.EcsServiceTests.ListWorlds_returns_all_created_worlds" storage="/users/apprenticegc/work/lunar-horse/yokan-projects/fantasim-app-godot/project/tests/app.ecs.tests/bin/debug/net8.0/app.ecs.tests.dll" id="eb5e8f20-0002-c645-4bf6-9d0059152464">
      <Execution id="6b4a59cb-ba1d-49da-9e04-0df1f0531d72" />
      <TestMethod codeBase="/Users/apprenticegc/Work/lunar-horse/yokan-projects/fantasim-app-godot/project/tests/App.Ecs.Tests/bin/Debug/net8.0/App.Ecs.Tests.dll" adapterTypeName="executor://xunit/VsTestRunner2/netcoreapp" className="FantaSim.App.Ecs.Tests.EcsServiceTests" name="ListWorlds_returns_all_created_worlds" />
    </UnitTest>
    <UnitTest name="FantaSim.App.Ecs.Tests.EcsWorldActorTests.RegisterSystem_after_initialize_is_rejected_and_never_ticks" storage="/users/apprenticegc/work/lunar-horse/yokan-projects/fantasim-app-godot/project/tests/app.ecs.tests/bin/debug/net8.0/app.ecs.tests.dll" id="87c9675e-67bc-038b-ed27-6bb427b31b78">
      <Execution id="38649595-9f1e-4bcb-b475-b7889fa46439" />
      <TestMethod codeBase="/Users/apprenticegc/Work/lunar-horse/yokan-projects/fantasim-app-godot/project/tests/App.Ecs.Tests/bin/Debug/net8.0/App.Ecs.Tests.dll" adapterTypeName="executor://xunit/VsTestRunner2/netcoreapp" className="FantaSim.App.Ecs.Tests.EcsWorldActorTests" name="RegisterSystem_after_initialize_is_rejected_and_never_ticks" />
    </UnitTest>
    <UnitTest name="FantaSim.App.Ecs.Tests.EcsSupervisorActorTests.CreateWorld_replies_with_snapshot_when_world_is_fresh" storage="/users/apprenticegc/work/lunar-horse/yokan-projects/fantasim-app-godot/project/tests/app.ecs.tests/bin/debug/net8.0/app.ecs.tests.dll" id="a6faefa3-5ca3-30ac-086b-049b7fc3c35a">
      <Execution id="342b936b-9c89-4f2b-8196-ae686edd517d" />
      <TestMethod codeBase="/Users/apprenticegc/Work/lunar-horse/yokan-projects/fantasim-app-godot/project/tests/App.Ecs.Tests/bin/Debug/net8.0/App.Ecs.Tests.dll" adapterTypeName="executor://xunit/VsTestRunner2/netcoreapp" className="FantaSim.App.Ecs.Tests.EcsSupervisorActorTests" name="CreateWorld_replies_with_snapshot_when_world_is_fresh" />
    </UnitTest>
    <UnitTest name="FantaSim.App.Ecs.Tests.EcsSupervisorActorTests.UpdateAll_fans_out_update_to_all_worlds" storage="/users/apprenticegc/work/lunar-horse/yokan-projects/fantasim-app-godot/project/tests/app.ecs.tests/bin/debug/net8.0/app.ecs.tests.dll" id="8be46771-1928-df88-9ddc-abab5e1edc27">
      <Execution id="3ac1f0bd-1810-4f77-9c31-dae516a75251" />
      <TestMethod codeBase="/Users/apprenticegc/Work/lunar-horse/yokan-projects/fantasim-app-godot/project/tests/App.Ecs.Tests/bin/Debug/net8.0/App.Ecs.Tests.dll" adapterTypeName="executor://xunit/VsTestRunner2/netcoreapp" className="FantaSim.App.Ecs.Tests.EcsSupervisorActorTests" name="UpdateAll_fans_out_update_to_all_worlds" />
    </UnitTest>
    <UnitTest name="FantaSim.App.Ecs.Tests.EcsWorldActorTests.Snapshot_before_initialize_reports_identity_and_uninitialized_state" storage="/users/apprenticegc/work/lunar-horse/yokan-projects/fantasim-app-godot/project/tests/app.ecs.tests/bin/debug/net8.0/app.ecs.tests.dll" id="f98a0afe-f3bc-5e6e-d438-5d54ae1a921b">
      <Execution id="3010988b-e75b-48c4-98db-c64d11a5df82" />
      <TestMethod codeBase="/Users/apprenticegc/Work/lunar-horse/yokan-projects/fantasim-app-godot/project/tests/App.Ecs.Tests/bin/Debug/net8.0/App.Ecs.Tests.dll" adapterTypeName="executor://xunit/VsTestRunner2/netcoreapp" className="FantaSim.App.Ecs.Tests.EcsWorldActorTests" name="Snapshot_before_initialize_reports_identity_and_uninitialized_state" />
    </UnitTest>
  </TestDefinitions>
  <TestEntries>
    <TestEntry testId="87c9675e-67bc-038b-ed27-6bb427b31b78" executionId="38649595-9f1e-4bcb-b475-b7889fa46439" testListId="8c84fa94-04c1-424b-9868-57a2d4851a1d" />
    <TestEntry testId="d1d764b0-c4f7-005d-90e5-6aa3ae95b17e" executionId="eb83faaa-d50d-468b-b028-d2538323ab1d" testListId="8c84fa94-04c1-424b-9868-57a2d4851a1d" />
    <TestEntry testId="5351dd2c-c93e-bbed-24ca-6baa74927382" executionId="d26156b0-1679-460d-b4a7-926afe0b3055" testListId="8c84fa94-04c1-424b-9868-57a2d4851a1d" />
    <TestEntry testId="29d59af7-acb9-08bf-ac74-74b258fd4c69" executionId="147e2101-bf4b-4af9-b39c-812fe18b599a" testListId="8c84fa94-04c1-424b-9868-57a2d4851a1d" />
    <TestEntry testId="bcee7992-2d1e-5969-9c7b-bea7b6368c13" executionId="c7e3fd9e-8e46-4afe-82d1-3c7c8b6de4c6" testListId="8c84fa94-04c1-424b-9868-57a2d4851a1d" />
    <TestEntry testId="b6a52668-d919-ec81-d4a5-c648b244f0ab" executionId="4123cddf-3eb6-486c-ba76-ef712b671856" testListId="8c84fa94-04c1-424b-9868-57a2d4851a1d" />
    <TestEntry testId="eb5e8f20-0002-c645-4bf6-9d0059152464" executionId="6b4a59cb-ba1d-49da-9e04-0df1f0531d72" testListId="8c84fa94-04c1-424b-9868-57a2d4851a1d" />
    <TestEntry testId="f37f0918-3193-30e6-bcac-1d7c4e015240" executionId="b8087d04-c712-42eb-b0d8-f1179e29e314" testListId="8c84fa94-04c1-424b-9868-57a2d4851a1d" />
    <TestEntry testId="3e948fee-642d-9406-61c9-23209049db5f" executionId="84b631de-321c-417d-ae6b-2c98c32aac57" testListId="8c84fa94-04c1-424b-9868-57a2d4851a1d" />
    <TestEntry testId="a6faefa3-5ca3-30ac-086b-049b7fc3c35a" executionId="342b936b-9c89-4f2b-8196-ae686edd517d" testListId="8c84fa94-04c1-424b-9868-57a2d4851a1d" />
    <TestEntry testId="22864dae-c804-2e9f-6376-8f3f68b49eba" executionId="131cea96-1f23-4e3b-819c-18247c25872f" testListId="8c84fa94-04c1-424b-9868-57a2d4851a1d" />
    <TestEntry testId="45843447-4dae-d04f-d949-7d88729bdac3" executionId="61465308-b022-481b-b090-96c35b2afdbc" testListId="8c84fa94-04c1-424b-9868-57a2d4851a1d" />
    <TestEntry testId="a00f5bde-8c84-927e-b095-91137109ee3b" executionId="b100157e-1fbc-4ebf-b907-361d89299096" testListId="8c84fa94-04c1-424b-9868-57a2d4851a1d" />
    <TestEntry testId="1e7e9a81-de08-fef7-5238-4443af0ca676" executionId="eb1e6946-4582-4823-8cdc-c6b0db5e4d3e" testListId="8c84fa94-04c1-424b-9868-57a2d4851a1d" />
    <TestEntry testId="f98a0afe-f3bc-5e6e-d438-5d54ae1a921b" executionId="3010988b-e75b-48c4-98db-c64d11a5df82" testListId="8c84fa94-04c1-424b-9868-57a2d4851a1d" />
    <TestEntry testId="8be46771-1928-df88-9ddc-abab5e1edc27" executionId="3ac1f0bd-1810-4f77-9c31-dae516a75251" testListId="8c84fa94-04c1-424b-9868-57a2d4851a1d" />
  </TestEntries>
  <TestLists>
    <TestList name="Results Not in a List" id="8c84fa94-04c1-424b-9868-57a2d4851a1d" />
    <TestList name="All Loaded Results" id="19431567-8539-422a-85d7-44ee4e166bda" />
  </TestLists>
  <ResultSummary outcome="Completed">
    <Counters total="16" executed="16" passed="16" failed="0" error="0" timeout="0" aborted="0" inconclusive="0" passedButRunAborted="0" notRunnable="0" notExecuted="0" disconnected="0" warning="0" completed="0" inProgress="0" pending="0" />
    <Output>
      <StdOut>[xUnit.net 00:00:00.00] xUnit.net VSTest Adapter v2.8.2+699d445a1a (64-bit .NET 8.0.24)
[xUnit.net 00:00:00.02]   Discovering: App.Ecs.Tests
[xUnit.net 00:00:00.03]   Discovered:  App.Ecs.Tests
[xUnit.net 00:00:00.04]   Starting:    App.Ecs.Tests
[ERROR][06/19/2026 06:26:32.807Z][Thread 0018][akka://test/user/world-38d1bcf013da4558bb742bb33829caaf] Already initialized.
Cause: System.InvalidOperationException: Already initialized.
   at FantaSim.App.Ecs.Actors.EcsWorldActor.&lt;.ctor&gt;b__5_0(RegisterSystem m) in /Users/apprenticegc/Work/lunar-horse/yokan-projects/fantasim-app-godot/project/plugins/App.Ecs/Actors/EcsWorldActor.cs:line 30
   at lambda_method49(Closure, Object, Action`1, Action`1, Action`1, Action`1, Action`1)
   at Akka.Tools.MatchHandler.PartialHandlerArgumentsCapture`6.Handle(T value)
   at Akka.Actor.ReceiveActor.ExecutePartialMessageHandler(Object message, PartialAction`1 partialAction)
   at Akka.Actor.ReceiveActor.OnReceive(Object message)
   at Akka.Actor.UntypedActor.Receive(Object message)
   at Akka.Actor.ActorBase.AroundReceive(Receive receive, Object message)
   at Akka.Actor.ActorCell.ReceiveMessage(Object message)
   at Akka.Actor.ActorCell.Invoke(Envelope envelope)
[ERROR][06/19/2026 06:26:32.809Z][Thread 0019][akka://test/user/world-38d1bcf013da4558bb742bb33829caaf] Call Initialize() before Update().
Cause: System.InvalidOperationException: Call Initialize() before Update().
   at UnifyECS.ArchSystemRunner.Update(Single deltaTime)
   at FantaSim.App.Ecs.Actors.EcsWorldActor.&lt;.ctor&gt;b__5_2(UpdateWorld m) in /Users/apprenticegc/Work/lunar-horse/yokan-projects/fantasim-app-godot/project/plugins/App.Ecs/Actors/EcsWorldActor.cs:line 42
   at lambda_method49(Closure, Object, Action`1, Action`1, Action`1, Action`1, Action`1)
   at Akka.Tools.MatchHandler.PartialHandlerArgumentsCapture`6.Handle(T value)
   at Akka.Actor.ReceiveActor.ExecutePartialMessageHandler(Object message, PartialAction`1 partialAction)
   at Akka.Actor.ReceiveActor.OnReceive(Object message)
   at Akka.Actor.UntypedActor.Receive(Object message)
   at Akka.Actor.ActorBase.AroundReceive(Receive receive, Object message)
   at Akka.Actor.ActorCell.ReceiveMessage(Object message)
   at Akka.Actor.ActorCell.Invoke(Envelope envelope)
[ERROR][06/19/2026 06:26:32.809Z][Thread 0022][akka://test/user/world-38d1bcf013da4558bb742bb33829caaf] Call Initialize() before Update().
Cause: System.InvalidOperationException: Call Initialize() before Update().
   at UnifyECS.ArchSystemRunner.Update(Single deltaTime)
   at FantaSim.App.Ecs.Actors.EcsWorldActor.&lt;.ctor&gt;b__5_2(UpdateWorld m) in /Users/apprenticegc/Work/lunar-horse/yokan-projects/fantasim-app-godot/project/plugins/App.Ecs/Actors/EcsWorldActor.cs:line 42
   at lambda_method49(Closure, Object, Action`1, Action`1, Action`1, Action`1, Action`1)
   at Akka.Tools.MatchHandler.PartialHandlerArgumentsCapture`6.Handle(T value)
   at Akka.Actor.ReceiveActor.ExecutePartialMessageHandler(Object message, PartialAction`1 partialAction)
   at Akka.Actor.ReceiveActor.OnReceive(Object message)
   at Akka.Actor.UntypedActor.Receive(Object message)
   at Akka.Actor.ActorBase.AroundReceive(Receive receive, Object message)
   at Akka.Actor.ActorCell.ReceiveMessage(Object message)
   at Akka.Actor.ActorCell.Invoke(Envelope envelope)
[INFO][06/19/2026 06:26:32.811Z][Thread 0008][CoordinatedShutdown (akka://test)] CoordinatedShutdown invoked due to [Reason:Akka.Actor.CoordinatedShutdown+ActorSystemTerminateReason]. Exiting with [ExitCode:0].
[INFO][06/19/2026 06:26:32.811Z][Thread 0019][CoordinatedShutdown (akka://test)] CoordinatedShutdown invoked due to [Reason:Akka.Actor.CoordinatedShutdown+ActorSystemTerminateReason]. Exiting with [ExitCode:0].
[INFO][06/19/2026 06:26:32.813Z][Thread 0011][CoordinatedShutdown (akka://ecs-svc-tests-dd773c40db044bf5b42ffb5b46bd8373)] CoordinatedShutdown invoked due to [Reason:Akka.Actor.CoordinatedShutdown+ActorSystemTerminateReason]. Exiting with [ExitCode:0].
[INFO][06/19/2026 06:26:32.822Z][Thread 0008][CoordinatedShutdown (akka://test)] CoordinatedShutdown invoked due to [Reason:Akka.Actor.CoordinatedShutdown+ActorSystemTerminateReason]. Exiting with [ExitCode:0].
[INFO][06/19/2026 06:26:32.822Z][Thread 0011][CoordinatedShutdown (akka://ecs-svc-tests-d425128d0978436d8deb68da08843f2d)] CoordinatedShutdown invoked due to [Reason:Akka.Actor.CoordinatedShutdown+ActorSystemTerminateReason]. Exiting with [ExitCode:0].
[INFO][06/19/2026 06:26:32.826Z][Thread 0022][CoordinatedShutdown (akka://test)] CoordinatedShutdown invoked due to [Reason:Akka.Actor.CoordinatedShutdown+ActorSystemTerminateReason]. Exiting with [ExitCode:0].
[INFO][06/19/2026 06:26:32.826Z][Thread 0011][CoordinatedShutdown (akka://ecs-svc-tests-7e6410ba4ed040ac90e3d2f3caa394c1)] CoordinatedShutdown invoked due to [Reason:Akka.Actor.CoordinatedShutdown+ActorSystemTerminateReason]. Exiting with [ExitCode:0].
[INFO][06/19/2026 06:26:32.830Z][Thread 0018][CoordinatedShutdown (akka://test)] CoordinatedShutdown invoked due to [Reason:Akka.Actor.CoordinatedShutdown+ActorSystemTerminateReason]. Exiting with [ExitCode:0].
[INFO][06/19/2026 06:26:32.830Z][Thread 0011][CoordinatedShutdown (akka://ecs-svc-tests-7ff30f8e648340d6ac12de5855c73002)] CoordinatedShutdown invoked due to [Reason:Akka.Actor.CoordinatedShutdown+ActorSystemTerminateReason]. Exiting with [ExitCode:0].
[INFO][06/19/2026 06:26:32.835Z][Thread 0011][CoordinatedShutdown (akka://ecs-svc-tests-6b0179faff62452e994941803018ccb5)] CoordinatedShutdown invoked due to [Reason:Akka.Actor.CoordinatedShutdown+ActorSystemTerminateReason]. Exiting with [ExitCode:0].
[INFO][06/19/2026 06:26:32.835Z][Thread 0020][CoordinatedShutdown (akka://test)] CoordinatedShutdown invoked due to [Reason:Akka.Actor.CoordinatedShutdown+ActorSystemTerminateReason]. Exiting with [ExitCode:0].
[INFO][06/19/2026 06:26:32.837Z][Thread 0011][CoordinatedShutdown (akka://ecs-svc-tests-28df17590c264e1e83ea08257102a79e)] CoordinatedShutdown invoked due to [Reason:Akka.Actor.CoordinatedShutdown+ActorSystemTerminateReason]. Exiting with [ExitCode:0].
[INFO][06/19/2026 06:26:32.840Z][Thread 0020][CoordinatedShutdown (akka://test)] CoordinatedShutdown invoked due to [Reason:Akka.Actor.CoordinatedShutdown+ActorSystemTerminateReason]. Exiting with [ExitCode:0].
[INFO][06/19/2026 06:26:33.831Z][Thread 0008][CoordinatedShutdown (akka://test)] CoordinatedShutdown invoked due to [Reason:Akka.Actor.CoordinatedShutdown+ActorSystemTerminateReason]. Exiting with [ExitCode:0].
[INFO][06/19/2026 06:26:33.845Z][Thread 0008][CoordinatedShutdown (akka://test)] CoordinatedShutdown invoked due to [Reason:Akka.Actor.CoordinatedShutdown+ActorSystemTerminateReason]. Exiting with [ExitCode:0].
[INFO][06/19/2026 06:26:33.853Z][Thread 0008][CoordinatedShutdown (akka://test)] CoordinatedShutdown invoked due to [Reason:Akka.Actor.CoordinatedShutdown+ActorSystemTerminateReason]. Exiting with [ExitCode:0].
[xUnit.net 00:00:01.18]   Finished:    App.Ecs.Tests
</StdOut>
    </Output>
  </ResultSummary>
</TestRun>