<?xml version="1.0" encoding="utf-8"?>
<TestRun id="db7f8725-9ef2-4d0b-b7c0-f1731394910c" name="@Juis-Mac-mini 2026-06-19 16:42:23" xmlns="http://microsoft.com/schemas/VisualStudio/TeamTest/2010">
  <Times creation="2026-06-19T16:42:23.5087200+08:00" queuing="2026-06-19T16:42:23.5087200+08:00" start="2026-06-19T16:42:23.1136330+08:00" finish="2026-06-19T16:42:23.5104330+08:00" />
  <TestSettings name="default" id="d30ec671-e101-4ad0-88fc-1a8e35bc23dc">
    <Deployment runDeploymentRoot="_Juis-Mac-mini_2026-06-19_16_42_23" />
  </TestSettings>
  <Results>
    <UnitTestResult executionId="9f52bfd6-6acf-4750-9030-2b9978f8e89f" testId="547625b2-9206-3696-f6d9-081f16216689" testName="FantaSim.App.Ecs.Tests.ReduceFieldsSystemTests.Reduce_clears_contribution_buffer_in_place" computerName="Juis-Mac-mini" duration="00:00:00.0006024" startTime="2026-06-19T16:42:23.4559150+08:00" endTime="2026-06-19T16:42:23.4559150+08:00" testType="13cdc9d9-ddb5-4fa4-a97d-d965ccfc6d4b" outcome="Passed" testListId="8c84fa94-04c1-424b-9868-57a2d4851a1d" relativeResultsDirectory="9f52bfd6-6acf-4750-9030-2b9978f8e89f" />
    <UnitTestResult executionId="58c097e3-f19f-4347-998a-b729540f1497" testId="bd1fd275-35f2-054e-2ebc-f7f82673eb09" testName="FantaSim.App.Ecs.Tests.ReduceFieldsSystemTests.Shuffled_contributions_reduce_to_identical_value_under_canonical_sort" computerName="Juis-Mac-mini" duration="00:00:00.0018543" startTime="2026-06-19T16:42:23.4553050+08:00" endTime="2026-06-19T16:42:23.4553050+08:00" testType="13cdc9d9-ddb5-4fa4-a97d-d965ccfc6d4b" outcome="Passed" testListId="8c84fa94-04c1-424b-9868-57a2d4851a1d" relativeResultsDirectory="58c097e3-f19f-4347-998a-b729540f1497" />
    <UnitTestResult executionId="44c48c48-8588-45ed-bd8c-491e5cbebb76" testId="37e2d393-96bf-a070-f7d3-13899a4baa8d" testName="FantaSim.App.Ecs.Tests.ReduceFieldsSystemTests.Canonical_sort_makes_order_sensitive_reducer_deterministic" computerName="Juis-Mac-mini" duration="00:00:00.0190845" startTime="2026-06-19T16:42:23.4537280+08:00" endTime="2026-06-19T16:42:23.4537370+08:00" testType="13cdc9d9-ddb5-4fa4-a97d-d965ccfc6d4b" outcome="Passed" testListId="8c84fa94-04c1-424b-9868-57a2d4851a1d" relativeResultsDirectory="44c48c48-8588-45ed-bd8c-491e5cbebb76" />
    <UnitTestResult executionId="784057c2-c0bb-4425-a898-7479fa10f702" testId="3a67dac7-b50d-ec84-8c88-f6c70ff0011b" testName="FantaSim.App.Ecs.Tests.ReduceFieldsSystemTests.Direct_reduce_equals_truth_stream_materialized_reduce" computerName="Juis-Mac-mini" duration="00:00:00.0182745" startTime="2026-06-19T16:42:23.4742240+08:00" endTime="2026-06-19T16:42:23.4742240+08:00" testType="13cdc9d9-ddb5-4fa4-a97d-d965ccfc6d4b" outcome="Passed" testListId="8c84fa94-04c1-424b-9868-57a2d4851a1d" relativeResultsDirectory="784057c2-c0bb-4425-a898-7479fa10f702" />
  </Results>
  <TestDefinitions>
    <UnitTest name="FantaSim.App.Ecs.Tests.ReduceFieldsSystemTests.Canonical_sort_makes_order_sensitive_reducer_deterministic" storage="/users/apprenticegc/work/lunar-horse/yokan-projects/fantasim-app-godot/project/tests/app.ecs.tests/bin/debug/net8.0/app.ecs.tests.dll" id="37e2d393-96bf-a070-f7d3-13899a4baa8d">
      <Execution id="44c48c48-8588-45ed-bd8c-491e5cbebb76" />
      <TestMethod codeBase="/Users/apprenticegc/Work/lunar-horse/yokan-projects/fantasim-app-godot/project/tests/App.Ecs.Tests/bin/Debug/net8.0/App.Ecs.Tests.dll" adapterTypeName="executor://xunit/VsTestRunner2/netcoreapp" className="FantaSim.App.Ecs.Tests.ReduceFieldsSystemTests" name="Canonical_sort_makes_order_sensitive_reducer_deterministic" />
    </UnitTest>
    <UnitTest name="FantaSim.App.Ecs.Tests.ReduceFieldsSystemTests.Shuffled_contributions_reduce_to_identical_value_under_canonical_sort" storage="/users/apprenticegc/work/lunar-horse/yokan-projects/fantasim-app-godot/project/tests/app.ecs.tests/bin/debug/net8.0/app.ecs.tests.dll" id="bd1fd275-35f2-054e-2ebc-f7f82673eb09">
      <Execution id="58c097e3-f19f-4347-998a-b729540f1497" />
      <TestMethod codeBase="/Users/apprenticegc/Work/lunar-horse/yokan-projects/fantasim-app-godot/project/tests/App.Ecs.Tests/bin/Debug/net8.0/App.Ecs.Tests.dll" adapterTypeName="executor://xunit/VsTestRunner2/netcoreapp" className="FantaSim.App.Ecs.Tests.ReduceFieldsSystemTests" name="Shuffled_contributions_reduce_to_identical_value_under_canonical_sort" />
    </UnitTest>
    <UnitTest name="FantaSim.App.Ecs.Tests.ReduceFieldsSystemTests.Reduce_clears_contribution_buffer_in_place" storage="/users/apprenticegc/work/lunar-horse/yokan-projects/fantasim-app-godot/project/tests/app.ecs.tests/bin/debug/net8.0/app.ecs.tests.dll" id="547625b2-9206-3696-f6d9-081f16216689">
      <Execution id="9f52bfd6-6acf-4750-9030-2b9978f8e89f" />
      <TestMethod codeBase="/Users/apprenticegc/Work/lunar-horse/yokan-projects/fantasim-app-godot/project/tests/App.Ecs.Tests/bin/Debug/net8.0/App.Ecs.Tests.dll" adapterTypeName="executor://xunit/VsTestRunner2/netcoreapp" className="FantaSim.App.Ecs.Tests.ReduceFieldsSystemTests" name="Reduce_clears_contribution_buffer_in_place" />
    </UnitTest>
    <UnitTest name="FantaSim.App.Ecs.Tests.ReduceFieldsSystemTests.Direct_reduce_equals_truth_stream_materialized_reduce" storage="/users/apprenticegc/work/lunar-horse/yokan-projects/fantasim-app-godot/project/tests/app.ecs.tests/bin/debug/net8.0/app.ecs.tests.dll" id="3a67dac7-b50d-ec84-8c88-f6c70ff0011b">
      <Execution id="784057c2-c0bb-4425-a898-7479fa10f702" />
      <TestMethod codeBase="/Users/apprenticegc/Work/lunar-horse/yokan-projects/fantasim-app-godot/project/tests/App.Ecs.Tests/bin/Debug/net8.0/App.Ecs.Tests.dll" adapterTypeName="executor://xunit/VsTestRunner2/netcoreapp" className="FantaSim.App.Ecs.Tests.ReduceFieldsSystemTests" name="Direct_reduce_equals_truth_stream_materialized_reduce" />
    </UnitTest>
  </TestDefinitions>
  <TestEntries>
    <TestEntry testId="547625b2-9206-3696-f6d9-081f16216689" executionId="9f52bfd6-6acf-4750-9030-2b9978f8e89f" testListId="8c84fa94-04c1-424b-9868-57a2d4851a1d" />
    <TestEntry testId="bd1fd275-35f2-054e-2ebc-f7f82673eb09" executionId="58c097e3-f19f-4347-998a-b729540f1497" testListId="8c84fa94-04c1-424b-9868-57a2d4851a1d" />
    <TestEntry testId="37e2d393-96bf-a070-f7d3-13899a4baa8d" executionId="44c48c48-8588-45ed-bd8c-491e5cbebb76" testListId="8c84fa94-04c1-424b-9868-57a2d4851a1d" />
    <TestEntry testId="3a67dac7-b50d-ec84-8c88-f6c70ff0011b" executionId="784057c2-c0bb-4425-a898-7479fa10f702" testListId="8c84fa94-04c1-424b-9868-57a2d4851a1d" />
  </TestEntries>
  <TestLists>
    <TestList name="Results Not in a List" id="8c84fa94-04c1-424b-9868-57a2d4851a1d" />
    <TestList name="All Loaded Results" id="19431567-8539-422a-85d7-44ee4e166bda" />
  </TestLists>
  <ResultSummary outcome="Completed">
    <Counters total="4" executed="4" passed="4" failed="0" error="0" timeout="0" aborted="0" inconclusive="0" passedButRunAborted="0" notRunnable="0" notExecuted="0" disconnected="0" warning="0" completed="0" inProgress="0" pending="0" />
    <Output>
      <StdOut>[xUnit.net 00:00:00.00] xUnit.net VSTest Adapter v2.8.2+699d445a1a (64-bit .NET 8.0.24)
[xUnit.net 00:00:00.03]   Discovering: App.Ecs.Tests
[xUnit.net 00:00:00.05]   Discovered:  App.Ecs.Tests
[xUnit.net 00:00:00.05]   Starting:    App.Ecs.Tests
[xUnit.net 00:00:00.10]   Finished:    App.Ecs.Tests
</StdOut>
    </Output>
  </ResultSummary>
</TestRun>