<?xml version="1.0" encoding="utf-8"?>
<TestRun id="2fa872e5-ea9f-407d-afad-8d9e690b5b70" name="@Juis-Mac-mini 2026-06-19 16:22:13" xmlns="http://microsoft.com/schemas/VisualStudio/TeamTest/2010">
  <Times creation="2026-06-19T16:22:13.8397410+08:00" queuing="2026-06-19T16:22:13.8397410+08:00" start="2026-06-19T16:22:13.3315430+08:00" finish="2026-06-19T16:22:14.8561180+08:00" />
  <TestSettings name="default" id="1113c72e-0d5b-4ee4-99d9-b4305cf008e7">
    <Deployment runDeploymentRoot="_Juis-Mac-mini_2026-06-19_16_22_13" />
  </TestSettings>
  <Results>
    <UnitTestResult executionId="d6bc69d8-d89a-417c-9d68-c0896bbc692d" testId="22864dae-c804-2e9f-6376-8f3f68b49eba" testName="FantaSim.App.Ecs.Tests.EcsSupervisorActorTests.CreateWorld_is_idempotent_when_world_id_already_exists" computerName="Juis-Mac-mini" duration="00:00:00.1332916" startTime="2026-06-19T16:22:13.7874840+08:00" endTime="2026-06-19T16:22:13.7874840+08:00" testType="13cdc9d9-ddb5-4fa4-a97d-d965ccfc6d4b" outcome="Passed" testListId="8c84fa94-04c1-424b-9868-57a2d4851a1d" relativeResultsDirectory="d6bc69d8-d89a-417c-9d68-c0896bbc692d" />
    <UnitTestResult executionId="b2fd72fb-041f-425b-9a30-f5b6d996820a" testId="bcee7992-2d1e-5969-9c7b-bea7b6368c13" testName="FantaSim.App.Ecs.Tests.EcsSupervisorActorTests.DestroyWorld_stops_child_and_removes_it_from_supervisor_map" computerName="Juis-Mac-mini" duration="00:00:01.0234136" startTime="2026-06-19T16:22:14.8159650+08:00" endTime="2026-06-19T16:22:14.8159650+08:00" testType="13cdc9d9-ddb5-4fa4-a97d-d965ccfc6d4b" outcome="Passed" testListId="8c84fa94-04c1-424b-9868-57a2d4851a1d" relativeResultsDirectory="b2fd72fb-041f-425b-9a30-f5b6d996820a" />
    <UnitTestResult executionId="426980de-9475-4dd8-85bf-7710fe74ec60" testId="45843447-4dae-d04f-d949-7d88729bdac3" testName="FantaSim.App.Ecs.Tests.EcsServiceTests.GetWorld_returns_snapshot_for_existing_world" computerName="Juis-Mac-mini" duration="00:00:00.0073245" startTime="2026-06-19T16:22:13.8350430+08:00" endTime="2026-06-19T16:22:13.8350430+08:00" testType="13cdc9d9-ddb5-4fa4-a97d-d965ccfc6d4b" outcome="Passed" testListId="8c84fa94-04c1-424b-9868-57a2d4851a1d" relativeResultsDirectory="426980de-9475-4dd8-85bf-7710fe74ec60" />
    <UnitTestResult executionId="fa3354f9-5a14-43ce-9cf0-c0364b9b74b0" testId="87c9675e-67bc-038b-ed27-6bb427b31b78" testName="FantaSim.App.Ecs.Tests.EcsWorldActorTests.RegisterSystem_after_initialize_is_rejected_and_never_ticks" computerName="Juis-Mac-mini" duration="00:00:00.1301965" startTime="2026-06-19T16:22:13.7876290+08:00" endTime="2026-06-19T16:22:13.7876290+08:00" testType="13cdc9d9-ddb5-4fa4-a97d-d965ccfc6d4b" outcome="Passed" testListId="8c84fa94-04c1-424b-9868-57a2d4851a1d" relativeResultsDirectory="fa3354f9-5a14-43ce-9cf0-c0364b9b74b0" />
    <UnitTestResult executionId="299f9a84-fb37-4eb3-9d31-33def0469c6e" testId="a00f5bde-8c84-927e-b095-91137109ee3b" testName="FantaSim.App.Ecs.Tests.EcsWorldActorTests.InitializeWorld_flips_initialized_flag_and_second_call_is_noop" computerName="Juis-Mac-mini" duration="00:00:00.0146012" startTime="2026-06-19T16:22:13.8310480+08:00" endTime="2026-06-19T16:22:13.8310480+08:00" testType="13cdc9d9-ddb5-4fa4-a97d-d965ccfc6d4b" outcome="Passed" testListId="8c84fa94-04c1-424b-9868-57a2d4851a1d" relativeResultsDirectory="299f9a84-fb37-4eb3-9d31-33def0469c6e" />
    <UnitTestResult executionId="d27491d9-908f-451b-9a63-acbeac7124b6" testId="1e7e9a81-de08-fef7-5238-4443af0ca676" testName="FantaSim.App.Ecs.Tests.EcsServiceTests.CreateWorld_returns_snapshot_and_world_appears_in_list" computerName="Juis-Mac-mini" duration="00:00:00.0321969" startTime="2026-06-19T16:22:13.8276430+08:00" endTime="2026-06-19T16:22:13.8276430+08:00" testType="13cdc9d9-ddb5-4fa4-a97d-d965ccfc6d4b" outcome="Passed" testListId="8c84fa94-04c1-424b-9868-57a2d4851a1d" relativeResultsDirectory="d27491d9-908f-451b-9a63-acbeac7124b6" />
    <UnitTestResult executionId="a2676b84-0402-482f-a55e-af91ccc1a32f" testId="5351dd2c-c93e-bbed-24ca-6baa74927382" testName="FantaSim.App.Ecs.Tests.EcsServiceTests.CreateWorld_is_idempotent_for_existing_id" computerName="Juis-Mac-mini" duration="00:00:00.0025921" startTime="2026-06-19T16:22:13.8447970+08:00" endTime="2026-06-19T16:22:13.8447970+08:00" testType="13cdc9d9-ddb5-4fa4-a97d-d965ccfc6d4b" outcome="Passed" testListId="8c84fa94-04c1-424b-9868-57a2d4851a1d" relativeResultsDirectory="a2676b84-0402-482f-a55e-af91ccc1a32f" />
    <UnitTestResult executionId="d64ffaf0-8913-4fa1-b605-c9ec70b6d082" testId="3a67dac7-b50d-ec84-8c88-f6c70ff0011b" testName="FantaSim.App.Ecs.Tests.ReduceFieldsSystemTests.Direct_reduce_equals_truth_stream_materialized_reduce" computerName="Juis-Mac-mini" duration="00:00:00.0213579" startTime="2026-06-19T16:22:13.7138310+08:00" endTime="2026-06-19T16:22:13.7138320+08:00" testType="13cdc9d9-ddb5-4fa4-a97d-d965ccfc6d4b" outcome="Passed" testListId="8c84fa94-04c1-424b-9868-57a2d4851a1d" relativeResultsDirectory="d64ffaf0-8913-4fa1-b605-c9ec70b6d082" />
    <UnitTestResult executionId="e4dc0b62-8446-4864-a40c-6839e68f8827" testId="f98a0afe-f3bc-5e6e-d438-5d54ae1a921b" testName="FantaSim.App.Ecs.Tests.EcsWorldActorTests.Snapshot_before_initialize_reports_identity_and_uninitialized_state" computerName="Juis-Mac-mini" duration="00:00:00.0078437" startTime="2026-06-19T16:22:13.8389610+08:00" endTime="2026-06-19T16:22:13.8389610+08:00" testType="13cdc9d9-ddb5-4fa4-a97d-d965ccfc6d4b" outcome="Passed" testListId="8c84fa94-04c1-424b-9868-57a2d4851a1d" relativeResultsDirectory="e4dc0b62-8446-4864-a40c-6839e68f8827" />
    <UnitTestResult executionId="5de3091e-7fd5-406e-a97a-f0a8a1b1a563" testId="8be46771-1928-df88-9ddc-abab5e1edc27" testName="FantaSim.App.Ecs.Tests.EcsSupervisorActorTests.UpdateAll_fans_out_update_to_all_worlds" computerName="Juis-Mac-mini" duration="00:00:00.0054821" startTime="2026-06-19T16:22:14.8295720+08:00" endTime="2026-06-19T16:22:14.8295720+08:00" testType="13cdc9d9-ddb5-4fa4-a97d-d965ccfc6d4b" outcome="Passed" testListId="8c84fa94-04c1-424b-9868-57a2d4851a1d" relativeResultsDirectory="5de3091e-7fd5-406e-a97a-f0a8a1b1a563" />
    <UnitTestResult executionId="484b93b0-0324-4154-9526-d6cbbac6d7d1" testId="b6a52668-d919-ec81-d4a5-c648b244f0ab" testName="FantaSim.App.Ecs.Tests.EcsServiceTests.DestroyWorld_returns_false_for_unknown_id" computerName="Juis-Mac-mini" duration="00:00:00.0069546" startTime="2026-06-19T16:22:13.8421220+08:00" endTime="2026-06-19T16:22:13.8421230+08:00" testType="13cdc9d9-ddb5-4fa4-a97d-d965ccfc6d4b" outcome="Passed" testListId="8c84fa94-04c1-424b-9868-57a2d4851a1d" relativeResultsDirectory="484b93b0-0324-4154-9526-d6cbbac6d7d1" />
    <UnitTestResult executionId="c6831b4f-2509-43d4-b6e7-1415ac21e225" testId="bd1fd275-35f2-054e-2ebc-f7f82673eb09" testName="FantaSim.App.Ecs.Tests.ReduceFieldsSystemTests.Shuffled_contributions_reduce_to_identical_value_under_canonical_sort" computerName="Juis-Mac-mini" duration="00:00:00.0052360" startTime="2026-06-19T16:22:13.6915180+08:00" endTime="2026-06-19T16:22:13.6915180+08:00" testType="13cdc9d9-ddb5-4fa4-a97d-d965ccfc6d4b" outcome="Passed" testListId="8c84fa94-04c1-424b-9868-57a2d4851a1d" relativeResultsDirectory="c6831b4f-2509-43d4-b6e7-1415ac21e225" />
    <UnitTestResult executionId="cb6a6413-4a1b-4592-b3c5-a27b15222a92" testId="f37f0918-3193-30e6-bcac-1d7c4e015240" testName="FantaSim.App.Ecs.Tests.EcsServiceTests.DestroyWorld_removes_world_from_list" computerName="Juis-Mac-mini" duration="00:00:00.0140478" startTime="2026-06-19T16:22:13.8203560+08:00" endTime="2026-06-19T16:22:13.8203560+08:00" testType="13cdc9d9-ddb5-4fa4-a97d-d965ccfc6d4b" outcome="Passed" testListId="8c84fa94-04c1-424b-9868-57a2d4851a1d" relativeResultsDirectory="cb6a6413-4a1b-4592-b3c5-a27b15222a92" />
    <UnitTestResult executionId="9c1983c0-089c-4674-89a2-de41962f10ea" testId="3e948fee-642d-9406-61c9-23209049db5f" testName="FantaSim.App.Ecs.Tests.EcsSupervisorActorTests.DestroyWorld_returns_false_when_world_id_is_unknown" computerName="Juis-Mac-mini" duration="00:00:00.0112248" startTime="2026-06-19T16:22:13.8202660+08:00" endTime="2026-06-19T16:22:13.8202670+08:00" testType="13cdc9d9-ddb5-4fa4-a97d-d965ccfc6d4b" outcome="Passed" testListId="8c84fa94-04c1-424b-9868-57a2d4851a1d" relativeResultsDirectory="9c1983c0-089c-4674-89a2-de41962f10ea" />
    <UnitTestResult executionId="3e2c4c9d-f5bb-4237-ae25-2af54eb93563" testId="37e2d393-96bf-a070-f7d3-13899a4baa8d" testName="FantaSim.App.Ecs.Tests.ReduceFieldsSystemTests.Canonical_sort_makes_order_sensitive_reducer_deterministic" computerName="Juis-Mac-mini" duration="00:00:00.0321448" startTime="2026-06-19T16:22:13.6893440+08:00" endTime="2026-06-19T16:22:13.6893640+08:00" testType="13cdc9d9-ddb5-4fa4-a97d-d965ccfc6d4b" outcome="Passed" testListId="8c84fa94-04c1-424b-9868-57a2d4851a1d" relativeResultsDirectory="3e2c4c9d-f5bb-4237-ae25-2af54eb93563" />
    <UnitTestResult executionId="f1d9fd81-00d3-46f0-81d9-2ef03208d2cd" testId="547625b2-9206-3696-f6d9-081f16216689" testName="FantaSim.App.Ecs.Tests.ReduceFieldsSystemTests.Reduce_clears_contribution_buffer_in_place" computerName="Juis-Mac-mini" duration="00:00:00.0016264" startTime="2026-06-19T16:22:13.6923940+08:00" endTime="2026-06-19T16:22:13.6923940+08:00" testType="13cdc9d9-ddb5-4fa4-a97d-d965ccfc6d4b" outcome="Passed" testListId="8c84fa94-04c1-424b-9868-57a2d4851a1d" relativeResultsDirectory="f1d9fd81-00d3-46f0-81d9-2ef03208d2cd" />
    <UnitTestResult executionId="838db564-a150-4a98-a49a-e347cd7255b1" testId="29d59af7-acb9-08bf-ac74-74b258fd4c69" testName="FantaSim.App.Ecs.Tests.EcsWorldActorTests.DestroyWorld_replies_true_and_stops_actor" computerName="Juis-Mac-mini" duration="00:00:00.0267778" startTime="2026-06-19T16:22:13.8203810+08:00" endTime="2026-06-19T16:22:13.8203810+08:00" testType="13cdc9d9-ddb5-4fa4-a97d-d965ccfc6d4b" outcome="Passed" testListId="8c84fa94-04c1-424b-9868-57a2d4851a1d" relativeResultsDirectory="838db564-a150-4a98-a49a-e347cd7255b1" />
    <UnitTestResult executionId="b4747635-47c5-44a8-bfd8-2c48aef6f33f" testId="eb5e8f20-0002-c645-4bf6-9d0059152464" testName="FantaSim.App.Ecs.Tests.EcsServiceTests.ListWorlds_returns_all_created_worlds" computerName="Juis-Mac-mini" duration="00:00:00.1333958" startTime="2026-06-19T16:22:13.7876060+08:00" endTime="2026-06-19T16:22:13.7876060+08:00" testType="13cdc9d9-ddb5-4fa4-a97d-d965ccfc6d4b" outcome="Passed" testListId="8c84fa94-04c1-424b-9868-57a2d4851a1d" relativeResultsDirectory="b4747635-47c5-44a8-bfd8-2c48aef6f33f" />
    <UnitTestResult executionId="2554fccf-f442-4a39-a233-b2e4b58e2626" testId="d1d764b0-c4f7-005d-90e5-6aa3ae95b17e" testName="FantaSim.App.Ecs.Tests.EcsWorldActorTests.UpdateWorld_ticks_registered_system_and_grows_entity_count" computerName="Juis-Mac-mini" duration="00:00:00.0042458" startTime="2026-06-19T16:22:13.8433010+08:00" endTime="2026-06-19T16:22:13.8433020+08:00" testType="13cdc9d9-ddb5-4fa4-a97d-d965ccfc6d4b" outcome="Passed" testListId="8c84fa94-04c1-424b-9868-57a2d4851a1d" relativeResultsDirectory="2554fccf-f442-4a39-a233-b2e4b58e2626" />
    <UnitTestResult executionId="49e27d2c-cc9b-4432-8bcd-20bbe259a286" testId="a6faefa3-5ca3-30ac-086b-049b7fc3c35a" testName="FantaSim.App.Ecs.Tests.EcsSupervisorActorTests.CreateWorld_replies_with_snapshot_when_world_is_fresh" computerName="Juis-Mac-mini" duration="00:00:00.0079510" startTime="2026-06-19T16:22:14.8240180+08:00" endTime="2026-06-19T16:22:14.8240180+08:00" testType="13cdc9d9-ddb5-4fa4-a97d-d965ccfc6d4b" outcome="Passed" testListId="8c84fa94-04c1-424b-9868-57a2d4851a1d" relativeResultsDirectory="49e27d2c-cc9b-4432-8bcd-20bbe259a286" />
  </Results>
  <TestDefinitions>
    <UnitTest name="FantaSim.App.Ecs.Tests.EcsSupervisorActorTests.DestroyWorld_returns_false_when_world_id_is_unknown" storage="/users/apprenticegc/work/lunar-horse/yokan-projects/fantasim-app-godot/project/tests/app.ecs.tests/bin/debug/net8.0/app.ecs.tests.dll" id="3e948fee-642d-9406-61c9-23209049db5f">
      <Execution id="9c1983c0-089c-4674-89a2-de41962f10ea" />
      <TestMethod codeBase="/Users/apprenticegc/Work/lunar-horse/yokan-projects/fantasim-app-godot/project/tests/App.Ecs.Tests/bin/Debug/net8.0/App.Ecs.Tests.dll" adapterTypeName="executor://xunit/VsTestRunner2/netcoreapp" className="FantaSim.App.Ecs.Tests.EcsSupervisorActorTests" name="DestroyWorld_returns_false_when_world_id_is_unknown" />
    </UnitTest>
    <UnitTest name="FantaSim.App.Ecs.Tests.EcsSupervisorActorTests.CreateWorld_replies_with_snapshot_when_world_is_fresh" storage="/users/apprenticegc/work/lunar-horse/yokan-projects/fantasim-app-godot/project/tests/app.ecs.tests/bin/debug/net8.0/app.ecs.tests.dll" id="a6faefa3-5ca3-30ac-086b-049b7fc3c35a">
      <Execution id="49e27d2c-cc9b-4432-8bcd-20bbe259a286" />
      <TestMethod codeBase="/Users/apprenticegc/Work/lunar-horse/yokan-projects/fantasim-app-godot/project/tests/App.Ecs.Tests/bin/Debug/net8.0/App.Ecs.Tests.dll" adapterTypeName="executor://xunit/VsTestRunner2/netcoreapp" className="FantaSim.App.Ecs.Tests.EcsSupervisorActorTests" name="CreateWorld_replies_with_snapshot_when_world_is_fresh" />
    </UnitTest>
    <UnitTest name="FantaSim.App.Ecs.Tests.EcsSupervisorActorTests.CreateWorld_is_idempotent_when_world_id_already_exists" storage="/users/apprenticegc/work/lunar-horse/yokan-projects/fantasim-app-godot/project/tests/app.ecs.tests/bin/debug/net8.0/app.ecs.tests.dll" id="22864dae-c804-2e9f-6376-8f3f68b49eba">
      <Execution id="d6bc69d8-d89a-417c-9d68-c0896bbc692d" />
      <TestMethod codeBase="/Users/apprenticegc/Work/lunar-horse/yokan-projects/fantasim-app-godot/project/tests/App.Ecs.Tests/bin/Debug/net8.0/App.Ecs.Tests.dll" adapterTypeName="executor://xunit/VsTestRunner2/netcoreapp" className="FantaSim.App.Ecs.Tests.EcsSupervisorActorTests" name="CreateWorld_is_idempotent_when_world_id_already_exists" />
    </UnitTest>
    <UnitTest name="FantaSim.App.Ecs.Tests.ReduceFieldsSystemTests.Reduce_clears_contribution_buffer_in_place" storage="/users/apprenticegc/work/lunar-horse/yokan-projects/fantasim-app-godot/project/tests/app.ecs.tests/bin/debug/net8.0/app.ecs.tests.dll" id="547625b2-9206-3696-f6d9-081f16216689">
      <Execution id="f1d9fd81-00d3-46f0-81d9-2ef03208d2cd" />
      <TestMethod codeBase="/Users/apprenticegc/Work/lunar-horse/yokan-projects/fantasim-app-godot/project/tests/App.Ecs.Tests/bin/Debug/net8.0/App.Ecs.Tests.dll" adapterTypeName="executor://xunit/VsTestRunner2/netcoreapp" className="FantaSim.App.Ecs.Tests.ReduceFieldsSystemTests" name="Reduce_clears_contribution_buffer_in_place" />
    </UnitTest>
    <UnitTest name="FantaSim.App.Ecs.Tests.EcsWorldActorTests.DestroyWorld_replies_true_and_stops_actor" storage="/users/apprenticegc/work/lunar-horse/yokan-projects/fantasim-app-godot/project/tests/app.ecs.tests/bin/debug/net8.0/app.ecs.tests.dll" id="29d59af7-acb9-08bf-ac74-74b258fd4c69">
      <Execution id="838db564-a150-4a98-a49a-e347cd7255b1" />
      <TestMethod codeBase="/Users/apprenticegc/Work/lunar-horse/yokan-projects/fantasim-app-godot/project/tests/App.Ecs.Tests/bin/Debug/net8.0/App.Ecs.Tests.dll" adapterTypeName="executor://xunit/VsTestRunner2/netcoreapp" className="FantaSim.App.Ecs.Tests.EcsWorldActorTests" name="DestroyWorld_replies_true_and_stops_actor" />
    </UnitTest>
    <UnitTest name="FantaSim.App.Ecs.Tests.EcsWorldActorTests.UpdateWorld_ticks_registered_system_and_grows_entity_count" storage="/users/apprenticegc/work/lunar-horse/yokan-projects/fantasim-app-godot/project/tests/app.ecs.tests/bin/debug/net8.0/app.ecs.tests.dll" id="d1d764b0-c4f7-005d-90e5-6aa3ae95b17e">
      <Execution id="2554fccf-f442-4a39-a233-b2e4b58e2626" />
      <TestMethod codeBase="/Users/apprenticegc/Work/lunar-horse/yokan-projects/fantasim-app-godot/project/tests/App.Ecs.Tests/bin/Debug/net8.0/App.Ecs.Tests.dll" adapterTypeName="executor://xunit/VsTestRunner2/netcoreapp" className="FantaSim.App.Ecs.Tests.EcsWorldActorTests" name="UpdateWorld_ticks_registered_system_and_grows_entity_count" />
    </UnitTest>
    <UnitTest name="FantaSim.App.Ecs.Tests.EcsServiceTests.DestroyWorld_returns_false_for_unknown_id" storage="/users/apprenticegc/work/lunar-horse/yokan-projects/fantasim-app-godot/project/tests/app.ecs.tests/bin/debug/net8.0/app.ecs.tests.dll" id="b6a52668-d919-ec81-d4a5-c648b244f0ab">
      <Execution id="484b93b0-0324-4154-9526-d6cbbac6d7d1" />
      <TestMethod codeBase="/Users/apprenticegc/Work/lunar-horse/yokan-projects/fantasim-app-godot/project/tests/App.Ecs.Tests/bin/Debug/net8.0/App.Ecs.Tests.dll" adapterTypeName="executor://xunit/VsTestRunner2/netcoreapp" className="FantaSim.App.Ecs.Tests.EcsServiceTests" name="DestroyWorld_returns_false_for_unknown_id" />
    </UnitTest>
    <UnitTest name="FantaSim.App.Ecs.Tests.EcsServiceTests.DestroyWorld_removes_world_from_list" storage="/users/apprenticegc/work/lunar-horse/yokan-projects/fantasim-app-godot/project/tests/app.ecs.tests/bin/debug/net8.0/app.ecs.tests.dll" id="f37f0918-3193-30e6-bcac-1d7c4e015240">
      <Execution id="cb6a6413-4a1b-4592-b3c5-a27b15222a92" />
      <TestMethod codeBase="/Users/apprenticegc/Work/lunar-horse/yokan-projects/fantasim-app-godot/project/tests/App.Ecs.Tests/bin/Debug/net8.0/App.Ecs.Tests.dll" adapterTypeName="executor://xunit/VsTestRunner2/netcoreapp" className="FantaSim.App.Ecs.Tests.EcsServiceTests" name="DestroyWorld_removes_world_from_list" />
    </UnitTest>
    <UnitTest name="FantaSim.App.Ecs.Tests.EcsWorldActorTests.RegisterSystem_after_initialize_is_rejected_and_never_ticks" storage="/users/apprenticegc/work/lunar-horse/yokan-projects/fantasim-app-godot/project/tests/app.ecs.tests/bin/debug/net8.0/app.ecs.tests.dll" id="87c9675e-67bc-038b-ed27-6bb427b31b78">
      <Execution id="fa3354f9-5a14-43ce-9cf0-c0364b9b74b0" />
      <TestMethod codeBase="/Users/apprenticegc/Work/lunar-horse/yokan-projects/fantasim-app-godot/project/tests/App.Ecs.Tests/bin/Debug/net8.0/App.Ecs.Tests.dll" adapterTypeName="executor://xunit/VsTestRunner2/netcoreapp" className="FantaSim.App.Ecs.Tests.EcsWorldActorTests" name="RegisterSystem_after_initialize_is_rejected_and_never_ticks" />
    </UnitTest>
    <UnitTest name="FantaSim.App.Ecs.Tests.EcsServiceTests.GetWorld_returns_snapshot_for_existing_world" storage="/users/apprenticegc/work/lunar-horse/yokan-projects/fantasim-app-godot/project/tests/app.ecs.tests/bin/debug/net8.0/app.ecs.tests.dll" id="45843447-4dae-d04f-d949-7d88729bdac3">
      <Execution id="426980de-9475-4dd8-85bf-7710fe74ec60" />
      <TestMethod codeBase="/Users/apprenticegc/Work/lunar-horse/yokan-projects/fantasim-app-godot/project/tests/App.Ecs.Tests/bin/Debug/net8.0/App.Ecs.Tests.dll" adapterTypeName="executor://xunit/VsTestRunner2/netcoreapp" className="FantaSim.App.Ecs.Tests.EcsServiceTests" name="GetWorld_returns_snapshot_for_existing_world" />
    </UnitTest>
    <UnitTest name="FantaSim.App.Ecs.Tests.EcsWorldActorTests.Snapshot_before_initialize_reports_identity_and_uninitialized_state" storage="/users/apprenticegc/work/lunar-horse/yokan-projects/fantasim-app-godot/project/tests/app.ecs.tests/bin/debug/net8.0/app.ecs.tests.dll" id="f98a0afe-f3bc-5e6e-d438-5d54ae1a921b">
      <Execution id="e4dc0b62-8446-4864-a40c-6839e68f8827" />
      <TestMethod codeBase="/Users/apprenticegc/Work/lunar-horse/yokan-projects/fantasim-app-godot/project/tests/App.Ecs.Tests/bin/Debug/net8.0/App.Ecs.Tests.dll" adapterTypeName="executor://xunit/VsTestRunner2/netcoreapp" className="FantaSim.App.Ecs.Tests.EcsWorldActorTests" name="Snapshot_before_initialize_reports_identity_and_uninitialized_state" />
    </UnitTest>
    <UnitTest name="FantaSim.App.Ecs.Tests.ReduceFieldsSystemTests.Canonical_sort_makes_order_sensitive_reducer_deterministic" storage="/users/apprenticegc/work/lunar-horse/yokan-projects/fantasim-app-godot/project/tests/app.ecs.tests/bin/debug/net8.0/app.ecs.tests.dll" id="37e2d393-96bf-a070-f7d3-13899a4baa8d">
      <Execution id="3e2c4c9d-f5bb-4237-ae25-2af54eb93563" />
      <TestMethod codeBase="/Users/apprenticegc/Work/lunar-horse/yokan-projects/fantasim-app-godot/project/tests/App.Ecs.Tests/bin/Debug/net8.0/App.Ecs.Tests.dll" adapterTypeName="executor://xunit/VsTestRunner2/netcoreapp" className="FantaSim.App.Ecs.Tests.ReduceFieldsSystemTests" name="Canonical_sort_makes_order_sensitive_reducer_deterministic" />
    </UnitTest>
    <UnitTest name="FantaSim.App.Ecs.Tests.EcsSupervisorActorTests.DestroyWorld_stops_child_and_removes_it_from_supervisor_map" storage="/users/apprenticegc/work/lunar-horse/yokan-projects/fantasim-app-godot/project/tests/app.ecs.tests/bin/debug/net8.0/app.ecs.tests.dll" id="bcee7992-2d1e-5969-9c7b-bea7b6368c13">
      <Execution id="b2fd72fb-041f-425b-9a30-f5b6d996820a" />
      <TestMethod codeBase="/Users/apprenticegc/Work/lunar-horse/yokan-projects/fantasim-app-godot/project/tests/App.Ecs.Tests/bin/Debug/net8.0/App.Ecs.Tests.dll" adapterTypeName="executor://xunit/VsTestRunner2/netcoreapp" className="FantaSim.App.Ecs.Tests.EcsSupervisorActorTests" name="DestroyWorld_stops_child_and_removes_it_from_supervisor_map" />
    </UnitTest>
    <UnitTest name="FantaSim.App.Ecs.Tests.EcsServiceTests.CreateWorld_returns_snapshot_and_world_appears_in_list" storage="/users/apprenticegc/work/lunar-horse/yokan-projects/fantasim-app-godot/project/tests/app.ecs.tests/bin/debug/net8.0/app.ecs.tests.dll" id="1e7e9a81-de08-fef7-5238-4443af0ca676">
      <Execution id="d27491d9-908f-451b-9a63-acbeac7124b6" />
      <TestMethod codeBase="/Users/apprenticegc/Work/lunar-horse/yokan-projects/fantasim-app-godot/project/tests/App.Ecs.Tests/bin/Debug/net8.0/App.Ecs.Tests.dll" adapterTypeName="executor://xunit/VsTestRunner2/netcoreapp" className="FantaSim.App.Ecs.Tests.EcsServiceTests" name="CreateWorld_returns_snapshot_and_world_appears_in_list" />
    </UnitTest>
    <UnitTest name="FantaSim.App.Ecs.Tests.ReduceFieldsSystemTests.Direct_reduce_equals_truth_stream_materialized_reduce" storage="/users/apprenticegc/work/lunar-horse/yokan-projects/fantasim-app-godot/project/tests/app.ecs.tests/bin/debug/net8.0/app.ecs.tests.dll" id="3a67dac7-b50d-ec84-8c88-f6c70ff0011b">
      <Execution id="d64ffaf0-8913-4fa1-b605-c9ec70b6d082" />
      <TestMethod codeBase="/Users/apprenticegc/Work/lunar-horse/yokan-projects/fantasim-app-godot/project/tests/App.Ecs.Tests/bin/Debug/net8.0/App.Ecs.Tests.dll" adapterTypeName="executor://xunit/VsTestRunner2/netcoreapp" className="FantaSim.App.Ecs.Tests.ReduceFieldsSystemTests" name="Direct_reduce_equals_truth_stream_materialized_reduce" />
    </UnitTest>
    <UnitTest name="FantaSim.App.Ecs.Tests.ReduceFieldsSystemTests.Shuffled_contributions_reduce_to_identical_value_under_canonical_sort" storage="/users/apprenticegc/work/lunar-horse/yokan-projects/fantasim-app-godot/project/tests/app.ecs.tests/bin/debug/net8.0/app.ecs.tests.dll" id="bd1fd275-35f2-054e-2ebc-f7f82673eb09">
      <Execution id="c6831b4f-2509-43d4-b6e7-1415ac21e225" />
      <TestMethod codeBase="/Users/apprenticegc/Work/lunar-horse/yokan-projects/fantasim-app-godot/project/tests/App.Ecs.Tests/bin/Debug/net8.0/App.Ecs.Tests.dll" adapterTypeName="executor://xunit/VsTestRunner2/netcoreapp" className="FantaSim.App.Ecs.Tests.ReduceFieldsSystemTests" name="Shuffled_contributions_reduce_to_identical_value_under_canonical_sort" />
    </UnitTest>
    <UnitTest name="FantaSim.App.Ecs.Tests.EcsWorldActorTests.InitializeWorld_flips_initialized_flag_and_second_call_is_noop" storage="/users/apprenticegc/work/lunar-horse/yokan-projects/fantasim-app-godot/project/tests/app.ecs.tests/bin/debug/net8.0/app.ecs.tests.dll" id="a00f5bde-8c84-927e-b095-91137109ee3b">
      <Execution id="299f9a84-fb37-4eb3-9d31-33def0469c6e" />
      <TestMethod codeBase="/Users/apprenticegc/Work/lunar-horse/yokan-projects/fantasim-app-godot/project/tests/App.Ecs.Tests/bin/Debug/net8.0/App.Ecs.Tests.dll" adapterTypeName="executor://xunit/VsTestRunner2/netcoreapp" className="FantaSim.App.Ecs.Tests.EcsWorldActorTests" name="InitializeWorld_flips_initialized_flag_and_second_call_is_noop" />
    </UnitTest>
    <UnitTest name="FantaSim.App.Ecs.Tests.EcsServiceTests.ListWorlds_returns_all_created_worlds" storage="/users/apprenticegc/work/lunar-horse/yokan-projects/fantasim-app-godot/project/tests/app.ecs.tests/bin/debug/net8.0/app.ecs.tests.dll" id="eb5e8f20-0002-c645-4bf6-9d0059152464">
      <Execution id="b4747635-47c5-44a8-bfd8-2c48aef6f33f" />
      <TestMethod codeBase="/Users/apprenticegc/Work/lunar-horse/yokan-projects/fantasim-app-godot/project/tests/App.Ecs.Tests/bin/Debug/net8.0/App.Ecs.Tests.dll" adapterTypeName="executor://xunit/VsTestRunner2/netcoreapp" className="FantaSim.App.Ecs.Tests.EcsServiceTests" name="ListWorlds_returns_all_created_worlds" />
    </UnitTest>
    <UnitTest name="FantaSim.App.Ecs.Tests.EcsSupervisorActorTests.UpdateAll_fans_out_update_to_all_worlds" storage="/users/apprenticegc/work/lunar-horse/yokan-projects/fantasim-app-godot/project/tests/app.ecs.tests/bin/debug/net8.0/app.ecs.tests.dll" id="8be46771-1928-df88-9ddc-abab5e1edc27">
      <Execution id="5de3091e-7fd5-406e-a97a-f0a8a1b1a563" />
      <TestMethod codeBase="/Users/apprenticegc/Work/lunar-horse/yokan-projects/fantasim-app-godot/project/tests/App.Ecs.Tests/bin/Debug/net8.0/App.Ecs.Tests.dll" adapterTypeName="executor://xunit/VsTestRunner2/netcoreapp" className="FantaSim.App.Ecs.Tests.EcsSupervisorActorTests" name="UpdateAll_fans_out_update_to_all_worlds" />
    </UnitTest>
    <UnitTest name="FantaSim.App.Ecs.Tests.EcsServiceTests.CreateWorld_is_idempotent_for_existing_id" storage="/users/apprenticegc/work/lunar-horse/yokan-projects/fantasim-app-godot/project/tests/app.ecs.tests/bin/debug/net8.0/app.ecs.tests.dll" id="5351dd2c-c93e-bbed-24ca-6baa74927382">
      <Execution id="a2676b84-0402-482f-a55e-af91ccc1a32f" />
      <TestMethod codeBase="/Users/apprenticegc/Work/lunar-horse/yokan-projects/fantasim-app-godot/project/tests/App.Ecs.Tests/bin/Debug/net8.0/App.Ecs.Tests.dll" adapterTypeName="executor://xunit/VsTestRunner2/netcoreapp" className="FantaSim.App.Ecs.Tests.EcsServiceTests" name="CreateWorld_is_idempotent_for_existing_id" />
    </UnitTest>
  </TestDefinitions>
  <TestEntries>
    <TestEntry testId="22864dae-c804-2e9f-6376-8f3f68b49eba" executionId="d6bc69d8-d89a-417c-9d68-c0896bbc692d" testListId="8c84fa94-04c1-424b-9868-57a2d4851a1d" />
    <TestEntry testId="bcee7992-2d1e-5969-9c7b-bea7b6368c13" executionId="b2fd72fb-041f-425b-9a30-f5b6d996820a" testListId="8c84fa94-04c1-424b-9868-57a2d4851a1d" />
    <TestEntry testId="45843447-4dae-d04f-d949-7d88729bdac3" executionId="426980de-9475-4dd8-85bf-7710fe74ec60" testListId="8c84fa94-04c1-424b-9868-57a2d4851a1d" />
    <TestEntry testId="87c9675e-67bc-038b-ed27-6bb427b31b78" executionId="fa3354f9-5a14-43ce-9cf0-c0364b9b74b0" testListId="8c84fa94-04c1-424b-9868-57a2d4851a1d" />
    <TestEntry testId="a00f5bde-8c84-927e-b095-91137109ee3b" executionId="299f9a84-fb37-4eb3-9d31-33def0469c6e" testListId="8c84fa94-04c1-424b-9868-57a2d4851a1d" />
    <TestEntry testId="1e7e9a81-de08-fef7-5238-4443af0ca676" executionId="d27491d9-908f-451b-9a63-acbeac7124b6" testListId="8c84fa94-04c1-424b-9868-57a2d4851a1d" />
    <TestEntry testId="5351dd2c-c93e-bbed-24ca-6baa74927382" executionId="a2676b84-0402-482f-a55e-af91ccc1a32f" testListId="8c84fa94-04c1-424b-9868-57a2d4851a1d" />
    <TestEntry testId="3a67dac7-b50d-ec84-8c88-f6c70ff0011b" executionId="d64ffaf0-8913-4fa1-b605-c9ec70b6d082" testListId="8c84fa94-04c1-424b-9868-57a2d4851a1d" />
    <TestEntry testId="f98a0afe-f3bc-5e6e-d438-5d54ae1a921b" executionId="e4dc0b62-8446-4864-a40c-6839e68f8827" testListId="8c84fa94-04c1-424b-9868-57a2d4851a1d" />
    <TestEntry testId="8be46771-1928-df88-9ddc-abab5e1edc27" executionId="5de3091e-7fd5-406e-a97a-f0a8a1b1a563" testListId="8c84fa94-04c1-424b-9868-57a2d4851a1d" />
    <TestEntry testId="b6a52668-d919-ec81-d4a5-c648b244f0ab" executionId="484b93b0-0324-4154-9526-d6cbbac6d7d1" testListId="8c84fa94-04c1-424b-9868-57a2d4851a1d" />
    <TestEntry testId="bd1fd275-35f2-054e-2ebc-f7f82673eb09" executionId="c6831b4f-2509-43d4-b6e7-1415ac21e225" testListId="8c84fa94-04c1-424b-9868-57a2d4851a1d" />
    <TestEntry testId="f37f0918-3193-30e6-bcac-1d7c4e015240" executionId="cb6a6413-4a1b-4592-b3c5-a27b15222a92" testListId="8c84fa94-04c1-424b-9868-57a2d4851a1d" />
    <TestEntry testId="3e948fee-642d-9406-61c9-23209049db5f" executionId="9c1983c0-089c-4674-89a2-de41962f10ea" testListId="8c84fa94-04c1-424b-9868-57a2d4851a1d" />
    <TestEntry testId="37e2d393-96bf-a070-f7d3-13899a4baa8d" executionId="3e2c4c9d-f5bb-4237-ae25-2af54eb93563" testListId="8c84fa94-04c1-424b-9868-57a2d4851a1d" />
    <TestEntry testId="547625b2-9206-3696-f6d9-081f16216689" executionId="f1d9fd81-00d3-46f0-81d9-2ef03208d2cd" testListId="8c84fa94-04c1-424b-9868-57a2d4851a1d" />
    <TestEntry testId="29d59af7-acb9-08bf-ac74-74b258fd4c69" executionId="838db564-a150-4a98-a49a-e347cd7255b1" testListId="8c84fa94-04c1-424b-9868-57a2d4851a1d" />
    <TestEntry testId="eb5e8f20-0002-c645-4bf6-9d0059152464" executionId="b4747635-47c5-44a8-bfd8-2c48aef6f33f" testListId="8c84fa94-04c1-424b-9868-57a2d4851a1d" />
    <TestEntry testId="d1d764b0-c4f7-005d-90e5-6aa3ae95b17e" executionId="2554fccf-f442-4a39-a233-b2e4b58e2626" testListId="8c84fa94-04c1-424b-9868-57a2d4851a1d" />
    <TestEntry testId="a6faefa3-5ca3-30ac-086b-049b7fc3c35a" executionId="49e27d2c-cc9b-4432-8bcd-20bbe259a286" testListId="8c84fa94-04c1-424b-9868-57a2d4851a1d" />
  </TestEntries>
  <TestLists>
    <TestList name="Results Not in a List" id="8c84fa94-04c1-424b-9868-57a2d4851a1d" />
    <TestList name="All Loaded Results" id="19431567-8539-422a-85d7-44ee4e166bda" />
  </TestLists>
  <ResultSummary outcome="Completed">
    <Counters total="20" executed="20" passed="20" failed="0" error="0" timeout="0" aborted="0" inconclusive="0" passedButRunAborted="0" notRunnable="0" notExecuted="0" disconnected="0" warning="0" completed="0" inProgress="0" pending="0" />
    <Output>
      <StdOut>[xUnit.net 00:00:00.00] xUnit.net VSTest Adapter v2.8.2+699d445a1a (64-bit .NET 8.0.24)
[xUnit.net 00:00:00.03]   Discovering: App.Ecs.Tests
[xUnit.net 00:00:00.04]   Discovered:  App.Ecs.Tests
[xUnit.net 00:00:00.04]   Starting:    App.Ecs.Tests
[ERROR][06/19/2026 08:22:13.758Z][Thread 0020][akka://test/user/world-124011ae26b14a9f9e33d666e61f1d11] Already initialized.
Cause: System.InvalidOperationException: Already initialized.
   at FantaSim.App.Ecs.Actors.EcsWorldActor.&lt;.ctor&gt;b__5_0(RegisterSystem m) in /Users/apprenticegc/Work/lunar-horse/yokan-projects/fantasim-app-godot/project/plugins/App.Ecs/Actors/EcsWorldActor.cs:line 30
   at lambda_method49(Closure, Object, Action`1, Action`1, Action`1, Action`1, Action`1)
   at Akka.Tools.MatchHandler.PartialHandlerArgumentsCapture`6.Handle(T value)
   at Akka.Actor.ReceiveActor.ExecutePartialMessageHandler(Object message, PartialAction`1 partialAction)
   at Akka.Actor.ReceiveActor.OnReceive(Object message)
   at Akka.Actor.UntypedActor.Receive(Object message)
   at Akka.Actor.ActorBase.AroundReceive(Receive receive, Object message)
   at Akka.Actor.ActorCell.ReceiveMessage(Object message)
   at Akka.Actor.ActorCell.Invoke(Envelope envelope)
[ERROR][06/19/2026 08:22:13.761Z][Thread 0020][akka://test/user/world-124011ae26b14a9f9e33d666e61f1d11] Call Initialize() before Update().
Cause: System.InvalidOperationException: Call Initialize() before Update().
   at UnifyECS.ArchSystemRunner.Update(Single deltaTime)
   at FantaSim.App.Ecs.Actors.EcsWorldActor.&lt;.ctor&gt;b__5_2(UpdateWorld m) in /Users/apprenticegc/Work/lunar-horse/yokan-projects/fantasim-app-godot/project/plugins/App.Ecs/Actors/EcsWorldActor.cs:line 42
   at lambda_method49(Closure, Object, Action`1, Action`1, Action`1, Action`1, Action`1)
   at Akka.Tools.MatchHandler.PartialHandlerArgumentsCapture`6.Handle(T value)
   at Akka.Actor.ReceiveActor.ExecutePartialMessageHandler(Object message, PartialAction`1 partialAction)
   at Akka.Actor.ReceiveActor.OnReceive(Object message)
   at Akka.Actor.UntypedActor.Receive(Object message)
   at Akka.Actor.ActorBase.AroundReceive(Receive receive, Object message)
   at Akka.Actor.ActorCell.ReceiveMessage(Object message)
   at Akka.Actor.ActorCell.Invoke(Envelope envelope)
[ERROR][06/19/2026 08:22:13.761Z][Thread 0020][akka://test/user/world-124011ae26b14a9f9e33d666e61f1d11] Call Initialize() before Update().
Cause: System.InvalidOperationException: Call Initialize() before Update().
   at UnifyECS.ArchSystemRunner.Update(Single deltaTime)
   at FantaSim.App.Ecs.Actors.EcsWorldActor.&lt;.ctor&gt;b__5_2(UpdateWorld m) in /Users/apprenticegc/Work/lunar-horse/yokan-projects/fantasim-app-godot/project/plugins/App.Ecs/Actors/EcsWorldActor.cs:line 42
   at lambda_method49(Closure, Object, Action`1, Action`1, Action`1, Action`1, Action`1)
   at Akka.Tools.MatchHandler.PartialHandlerArgumentsCapture`6.Handle(T value)
   at Akka.Actor.ReceiveActor.ExecutePartialMessageHandler(Object message, PartialAction`1 partialAction)
   at Akka.Actor.ReceiveActor.OnReceive(Object message)
   at Akka.Actor.UntypedActor.Receive(Object message)
   at Akka.Actor.ActorBase.AroundReceive(Receive receive, Object message)
   at Akka.Actor.ActorCell.ReceiveMessage(Object message)
   at Akka.Actor.ActorCell.Invoke(Envelope envelope)
[INFO][06/19/2026 08:22:13.771Z][Thread 0007][CoordinatedShutdown (akka://test)] CoordinatedShutdown invoked due to [Reason:Akka.Actor.CoordinatedShutdown+ActorSystemTerminateReason]. Exiting with [ExitCode:0].
[INFO][06/19/2026 08:22:13.772Z][Thread 0023][CoordinatedShutdown (akka://test)] CoordinatedShutdown invoked due to [Reason:Akka.Actor.CoordinatedShutdown+ActorSystemTerminateReason]. Exiting with [ExitCode:0].
[INFO][06/19/2026 08:22:13.776Z][Thread 0017][CoordinatedShutdown (akka://ecs-svc-tests-2b45f7b77a504e87874d52ad6808276b)] CoordinatedShutdown invoked due to [Reason:Akka.Actor.CoordinatedShutdown+ActorSystemTerminateReason]. Exiting with [ExitCode:0].
[INFO][06/19/2026 08:22:13.790Z][Thread 0007][CoordinatedShutdown (akka://test)] CoordinatedShutdown invoked due to [Reason:Akka.Actor.CoordinatedShutdown+ActorSystemTerminateReason]. Exiting with [ExitCode:0].
[INFO][06/19/2026 08:22:13.792Z][Thread 0017][CoordinatedShutdown (akka://ecs-svc-tests-5bc44a8b06804f33a76002e5cbc59d74)] CoordinatedShutdown invoked due to [Reason:Akka.Actor.CoordinatedShutdown+ActorSystemTerminateReason]. Exiting with [ExitCode:0].
[INFO][06/19/2026 08:22:13.812Z][Thread 0020][CoordinatedShutdown (akka://test)] CoordinatedShutdown invoked due to [Reason:Akka.Actor.CoordinatedShutdown+ActorSystemTerminateReason]. Exiting with [ExitCode:0].
[INFO][06/19/2026 08:22:13.820Z][Thread 0017][CoordinatedShutdown (akka://ecs-svc-tests-9547285e533141afa1a5bc87f7d16d91)] CoordinatedShutdown invoked due to [Reason:Akka.Actor.CoordinatedShutdown+ActorSystemTerminateReason]. Exiting with [ExitCode:0].
[INFO][06/19/2026 08:22:13.828Z][Thread 0020][CoordinatedShutdown (akka://test)] CoordinatedShutdown invoked due to [Reason:Akka.Actor.CoordinatedShutdown+ActorSystemTerminateReason]. Exiting with [ExitCode:0].
[INFO][06/19/2026 08:22:13.833Z][Thread 0017][CoordinatedShutdown (akka://ecs-svc-tests-c91e9ee48ee94fac8aa277cbd4a28b02)] CoordinatedShutdown invoked due to [Reason:Akka.Actor.CoordinatedShutdown+ActorSystemTerminateReason]. Exiting with [ExitCode:0].
[INFO][06/19/2026 08:22:13.838Z][Thread 0020][CoordinatedShutdown (akka://test)] CoordinatedShutdown invoked due to [Reason:Akka.Actor.CoordinatedShutdown+ActorSystemTerminateReason]. Exiting with [ExitCode:0].
[INFO][06/19/2026 08:22:13.841Z][Thread 0017][CoordinatedShutdown (akka://ecs-svc-tests-43ee10ffde444313a2d739c166bbf3f6)] CoordinatedShutdown invoked due to [Reason:Akka.Actor.CoordinatedShutdown+ActorSystemTerminateReason]. Exiting with [ExitCode:0].
[INFO][06/19/2026 08:22:13.842Z][Thread 0020][CoordinatedShutdown (akka://test)] CoordinatedShutdown invoked due to [Reason:Akka.Actor.CoordinatedShutdown+ActorSystemTerminateReason]. Exiting with [ExitCode:0].
[INFO][06/19/2026 08:22:13.844Z][Thread 0017][CoordinatedShutdown (akka://ecs-svc-tests-26f044183369403580158ba22da746a2)] CoordinatedShutdown invoked due to [Reason:Akka.Actor.CoordinatedShutdown+ActorSystemTerminateReason]. Exiting with [ExitCode:0].
[INFO][06/19/2026 08:22:14.815Z][Thread 0007][CoordinatedShutdown (akka://test)] CoordinatedShutdown invoked due to [Reason:Akka.Actor.CoordinatedShutdown+ActorSystemTerminateReason]. Exiting with [ExitCode:0].
[INFO][06/19/2026 08:22:14.823Z][Thread 0007][CoordinatedShutdown (akka://test)] CoordinatedShutdown invoked due to [Reason:Akka.Actor.CoordinatedShutdown+ActorSystemTerminateReason]. Exiting with [ExitCode:0].
[INFO][06/19/2026 08:22:14.829Z][Thread 0007][CoordinatedShutdown (akka://test)] CoordinatedShutdown invoked due to [Reason:Akka.Actor.CoordinatedShutdown+ActorSystemTerminateReason]. Exiting with [ExitCode:0].
[xUnit.net 00:00:01.25]   Finished:    App.Ecs.Tests
</StdOut>
    </Output>
  </ResultSummary>
</TestRun>